<?xml version="1.0" encoding="UTF-8"?>
<testsuite xmlns:xsi="http://www.w3.org/2001/XMLSchema-instance" xsi:noNamespaceSchemaLocation="https://maven.apache.org/surefire/maven-surefire-plugin/xsd/surefire-test-report-3.0.xsd" version="3.0" name="org.example.TestRunner.runners" time="578.124" tests="14" errors="0" skipped="0" failures="6">
  <properties>
[...]
</properties>
  <testcase name="runScenario" classname="org.example.TestRunner.runners" time="96.956">
    <failure message="no such element: Unable to locate element: {&quot;method&quot;:&quot;css selector&quot;,&quot;selector&quot;:&quot;.result&quot;}&#10;  (Session info: chrome=106.0.5249.119)&#10;For documentation on this error, please visit: https://selenium.dev/exceptions/#no_such_element&#10;Build info: version: &apos;4.5.0&apos;, revision: &apos;fe167b119a&apos;&#10;System info: os.name: &apos;Windows 7&apos;, os.arch: &apos;amd64&apos;, os.version: &apos;6.1&apos;, java.version: &apos;1.8.0_111&apos;&#10;Driver info: org.openqa.selenium.chrome.ChromeDriver&#10;Command: [49093114df660fde1f37283eed5c33dc, findElement {using=class name, value=result}]&#10;Capabilities {acceptInsecureCerts: false, browserName: chrome, browserVersion: 106.0.5249.119, chrome: {chromedriverVersion: 106.0.5249.61 (511755355844..., userDataDir: C:\Users\ahmed\AppData\Loca...}, goog:chromeOptions: {debuggerAddress: localhost:51761}, networkConnectionEnabled: false, pageLoadStrategy: normal, platformName: WINDOWS, proxy: Proxy(), se:cdp: ws://localhost:51761/devtoo..., se:cdpVersion: 106.0.5249.119, setWindowRect: true, strictFileInteractability: false, timeouts: {implicit: 0, pageLoad: 300000, script: 30000}, unhandledPromptBehavior: dismiss and notify, webauthn:extension:credBlob: true, webauthn:extension:largeBlob: true, webauthn:virtualAuthenticators: true}&#10;Session ID: 49093114df660fde1f37283eed5c33dc" type="org.openqa.selenium.NoSuchElementException"><![CDATA[org.openqa.selenium.NoSuchElementException: 
no such element: Unable to locate element: {"method":"css selector","selector":".result"}
  (Session info: chrome=106.0.5249.119)
For documentation on this error, please visit: https://selenium.dev/exceptions/#no_such_element
Build info: version: '4.5.0', revision: 'fe167b119a'
System info: os.name: 'Windows 7', os.arch: 'amd64', os.version: '6.1', java.version: '1.8.0_111'
Driver info: org.openqa.selenium.chrome.ChromeDriver
Command: [49093114df660fde1f37283eed5c33dc, findElement {using=class name, value=result}]
Capabilities {acceptInsecureCerts: false, browserName: chrome, browserVersion: 106.0.5249.119, chrome: {chromedriverVersion: 106.0.5249.61 (511755355844..., userDataDir: C:\Users\ahmed\AppData\Loca...}, goog:chromeOptions: {debuggerAddress: localhost:51761}, networkConnectionEnabled: false, pageLoadStrategy: normal, platformName: WINDOWS, proxy: Proxy(), se:cdp: ws://localhost:51761/devtoo..., se:cdpVersion: 106.0.5249.119, setWindowRect: true, strictFileInteractability: false, timeouts: {implicit: 0, pageLoad: 300000, script: 30000}, unhandledPromptBehavior: dismiss and notify, webauthn:extension:credBlob: true, webauthn:extension:largeBlob: true, webauthn:virtualAuthenticators: true}
Session ID: 49093114df660fde1f37283eed5c33dc
]]></failure>
    <system-out><![CDATA[
@smoke
Scenario: New User Could Register With Valid Data                     &amp#27;[90m# src/main/resources/features/01_Register.feature:4&amp#27;[0m
  &amp#27;[32mGiven &amp#27;[0m&amp#27;[32muser goes to home page&amp#27;[0m                                        &amp#27;[90m# org.example.StepDefinitions.SD01_Registration.user_goes_to_home_page()&amp#27;[0m
  &amp#27;[32mWhen &amp#27;[0m&amp#27;[32muser pressed on Register link&amp#27;[0m                                  &amp#27;[90m# org.example.StepDefinitions.SD01_Registration.click_Register_link()&amp#27;[0m
  &amp#27;[32mAnd &amp#27;[0m&amp#27;[32muser chooses gender&amp#27;[0m                                             &amp#27;[90m# org.example.StepDefinitions.SD01_Registration.choose_gender()&amp#27;[0m
  &amp#27;[32mAnd &amp#27;[0m&amp#27;[32muser enters first name&amp#27;[0m                                          &amp#27;[90m# org.example.StepDefinitions.SD01_Registration.enter_first_name()&amp#27;[0m
  &amp#27;[32mAnd &amp#27;[0m&amp#27;[32muser enters last name&amp#27;[0m                                           &amp#27;[90m# org.example.StepDefinitions.SD01_Registration.enter_last_name()&amp#27;[0m
  &amp#27;[32mAnd &amp#27;[0m&amp#27;[32muser chooses birth of date&amp#27;[0m                                      &amp#27;[90m# org.example.StepDefinitions.SD01_Registration.DOB_choose()&amp#27;[0m
  &amp#27;[32mAnd &amp#27;[0m&amp#27;[32muser enters email address&amp#27;[0m                                       &amp#27;[90m# org.example.StepDefinitions.Hooks.user_enters_email_address()&amp#27;[0m
  &amp#27;[32mAnd &amp#27;[0m&amp#27;[32muser enters company name&amp#27;[0m                                        &amp#27;[90m# org.example.StepDefinitions.SD01_Registration.enter_companyName()&amp#27;[0m
  &amp#27;[32mAnd &amp#27;[0m&amp#27;[32muser chooses Newsletter option&amp#27;[0m                                  &amp#27;[90m# org.example.StepDefinitions.SD01_Registration.chooses_newsletter()&amp#27;[0m
  &amp#27;[32mAnd &amp#27;[0m&amp#27;[32muser enters password&amp#27;[0m                                            &amp#27;[90m# org.example.StepDefinitions.Hooks.user_enters_password()&amp#27;[0m
  &amp#27;[32mAnd &amp#27;[0m&amp#27;[32muser enters confirm password&amp#27;[0m                                    &amp#27;[90m# org.example.StepDefinitions.SD01_Registration.confirm_password()&amp#27;[0m
  &amp#27;[32mAnd &amp#27;[0m&amp#27;[32muser pressed on REGISTER button&amp#27;[0m                                 &amp#27;[90m# org.example.StepDefinitions.SD01_Registration.press_register_button()&amp#27;[0m
  &amp#27;[31mThen &amp#27;[0m&amp#27;[31mdisplay &amp#27;[0m&amp#27;[31m&amp#27;[1m"Your registration done successfully"&amp#27;[0m&amp#27;[31m message to user&amp#27;[0m  &amp#27;[90m# org.example.StepDefinitions.SD01_Registration.display_message(java.lang.String)&amp#27;[0m
      &amp#27;[31morg.openqa.selenium.NoSuchElementException: no such element: Unable to locate element: {"method":"css selector","selector":".result"}
  (Session info: chrome=106.0.5249.119)
For documentation on this error, please visit: https://selenium.dev/exceptions/#no_such_element
Build info: version: '4.5.0', revision: 'fe167b119a'
System info: os.name: 'Windows 7', os.arch: 'amd64', os.version: '6.1', java.version: '1.8.0_111'
Driver info: org.openqa.selenium.chrome.ChromeDriver
Command: [49093114df660fde1f37283eed5c33dc, findElement {using=class name, value=result}]
Capabilities {acceptInsecureCerts: false, browserName: chrome, browserVersion: 106.0.5249.119, chrome: {chromedriverVersion: 106.0.5249.61 (511755355844..., userDataDir: C:\Users\ahmed\AppData\Loca...}, goog:chromeOptions: {debuggerAddress: localhost:51761}, networkConnectionEnabled: false, pageLoadStrategy: normal, platformName: WINDOWS, proxy: Proxy(), se:cdp: ws://localhost:51761/devtoo..., se:cdpVersion: 106.0.5249.119, setWindowRect: true, strictFileInteractability: false, timeouts: {implicit: 0, pageLoad: 300000, script: 30000}, unhandledPromptBehavior: dismiss and notify, webauthn:extension:credBlob: true, webauthn:extension:largeBlob: true, webauthn:virtualAuthenticators: true}
Session ID: 49093114df660fde1f37283eed5c33dc
	at sun.reflect.NativeConstructorAccessorImpl.newInstance0(Native Method)
	at sun.reflect.NativeConstructorAccessorImpl.newInstance(NativeConstructorAccessorImpl.java:62)
	at sun.reflect.DelegatingConstructorAccessorImpl.newInstance(DelegatingConstructorAccessorImpl.java:45)
	at java.lang.reflect.Constructor.newInstance(Constructor.java:423)
	at org.openqa.selenium.remote.codec.w3c.W3CHttpResponseCodec.createException(W3CHttpResponseCodec.java:200)
	at org.openqa.selenium.remote.codec.w3c.W3CHttpResponseCodec.decode(W3CHttpResponseCodec.java:133)
	at org.openqa.selenium.remote.codec.w3c.W3CHttpResponseCodec.decode(W3CHttpResponseCodec.java:53)
	at org.openqa.selenium.remote.HttpCommandExecutor.execute(HttpCommandExecutor.java:184)
	at org.openqa.selenium.remote.service.DriverCommandExecutor.invokeExecute(DriverCommandExecutor.java:167)
	at org.openqa.selenium.remote.service.DriverCommandExecutor.execute(DriverCommandExecutor.java:142)
	at org.openqa.selenium.remote.RemoteWebDriver.execute(RemoteWebDriver.java:547)
	at org.openqa.selenium.remote.ElementLocation$ElementFinder$2.findElement(ElementLocation.java:162)
	at org.openqa.selenium.remote.ElementLocation.findElement(ElementLocation.java:60)
	at org.openqa.selenium.remote.RemoteWebDriver.findElement(RemoteWebDriver.java:365)
	at org.openqa.selenium.remote.RemoteWebDriver.findElement(RemoteWebDriver.java:357)
	at org.example.pages.P1_Registration.messageDisplayed(P1_Registration.java:82)
	at org.example.StepDefinitions.SD01_Registration.display_message(SD01_Registration.java:101)
	at âœ½.display "Your registration done successfully" message to user(file:///D:/front%20end%20testing%20course/EcommerceProject/src/main/resources/features/01_Register.feature:21)
&amp#27;[0m
  &amp#27;[36mAnd &amp#27;[0m&amp#27;[36muser log-in successfully and log-out link appears in the header&amp#27;[0m &amp#27;[90m# org.example.StepDefinitions.SD01_Registration.log_out_link_appears()&amp#27;[0m
  &amp#27;[36mAnd &amp#27;[0m&amp#27;[36muser pressed on Log-out link&amp#27;[0m                                    &amp#27;[90m# org.example.StepDefinitions.Hooks.user_pressed_on_Log_out_link()&amp#27;[0m
]]></system-out>
    <system-err><![CDATA[SLF4J: Failed to load class "org.slf4j.impl.StaticLoggerBinder".
SLF4J: Defaulting to no-operation (NOP) logger implementation
SLF4J: See http://www.slf4j.org/codes.html#StaticLoggerBinder for further details.
Starting ChromeDriver 106.0.5249.61 (511755355844955cd3e264779baf0dd38212a4d0-refs/branch-heads/5249@{#569}) on port 63871
Only local connections are allowed.
Please see https://chromedriver.chromium.org/security-considerations for suggestions on keeping ChromeDriver safe.
ChromeDriver was started successfully.
Oct 16, 2022 6:16:34 PM org.openqa.selenium.remote.ProtocolHandshake createSession
INFO: Detected upstream dialect: W3C
Oct 16, 2022 6:16:34 PM org.openqa.selenium.devtools.CdpVersionFinder findNearestMatch
INFO: Found exact CDP implementation for version 106
]]></system-err>
  </testcase>
  <testcase name="runScenario" classname="org.example.TestRunner.runners" time="79.427"/>
  <testcase name="runScenario" classname="org.example.TestRunner.runners" time="18.83">
    <failure message="expected [true] but found [Error Message : Text Is Wrong]" type="java.lang.AssertionError"><![CDATA[java.lang.AssertionError: expected [true] but found [Error Message : Text Is Wrong]
]]></failure>
    <system-out><![CDATA[
@smoke
Scenario: user login with invalid username and password &amp#27;[90m# src/main/resources/features/02_Login.feature:22&amp#27;[0m
  &amp#27;[32mGiven &amp#27;[0m&amp#27;[32muser goes to home page&amp#27;[0m                          &amp#27;[90m# org.example.StepDefinitions.SD01_Registration.user_goes_to_home_page()&amp#27;[0m
  &amp#27;[32mAnd &amp#27;[0m&amp#27;[32muser pressed on Log-in link in the header&amp#27;[0m         &amp#27;[90m# org.example.StepDefinitions.SD02_Login.click_login_link()&amp#27;[0m
  &amp#27;[32mAnd &amp#27;[0m&amp#27;[32muser enters invalid email address in login page&amp#27;[0m   &amp#27;[90m# org.example.StepDefinitions.SD02_Login.entering_Invalid_email()&amp#27;[0m
  &amp#27;[32mAnd &amp#27;[0m&amp#27;[32muser enters password&amp#27;[0m                              &amp#27;[90m# org.example.StepDefinitions.Hooks.user_enters_password()&amp#27;[0m
  &amp#27;[32mAnd &amp#27;[0m&amp#27;[32muser pressed on Log-in button&amp#27;[0m                     &amp#27;[90m# org.example.StepDefinitions.SD02_Login.click_Login_button()&amp#27;[0m
  &amp#27;[31mThen &amp#27;[0m&amp#27;[31muser could not login successfully&amp#27;[0m                &amp#27;[90m# org.example.StepDefinitions.SD02_Login.wrong_login()&amp#27;[0m
      &amp#27;[31mjava.lang.AssertionError: expected [true] but found [Error Message : Text Is Wrong]
	at org.testng.Assert.fail(Assert.java:110)
	at org.testng.Assert.failNotEquals(Assert.java:1413)
	at org.testng.Assert.assertEqualsImpl(Assert.java:149)
	at org.testng.Assert.assertEquals(Assert.java:131)
	at org.testng.Assert.assertEquals(Assert.java:643)
	at org.example.StepDefinitions.SD02_Login.wrong_login(SD02_Login.java:51)
	at âœ½.user could not login successfully(file:///D:/front%20end%20testing%20course/EcommerceProject/src/main/resources/features/02_Login.feature:30)
&amp#27;[0m
]]></system-out>
    <system-err><![CDATA[Starting ChromeDriver 106.0.5249.61 (511755355844955cd3e264779baf0dd38212a4d0-refs/branch-heads/5249@{#569}) on port 51522
Only local connections are allowed.
Please see https://chromedriver.chromium.org/security-considerations for suggestions on keeping ChromeDriver safe.
ChromeDriver was started successfully.
Oct 16, 2022 6:18:41 PM org.openqa.selenium.remote.ProtocolHandshake createSession
INFO: Detected upstream dialect: W3C
Oct 16, 2022 6:18:41 PM org.openqa.selenium.devtools.CdpVersionFinder findNearestMatch
INFO: Found exact CDP implementation for version 106
]]></system-err>
  </testcase>
  <testcase name="runScenario" classname="org.example.TestRunner.runners" time="25.395"/>
  <testcase name="runScenario" classname="org.example.TestRunner.runners" time="35.102">
    <failure message="Search result validation failed at [ + i + ]. expected [true] but found [false]" type="java.lang.AssertionError"><![CDATA[java.lang.AssertionError: Search result validation failed at [ + i + ]. expected [true] but found [false]
]]></failure>
    <system-out><![CDATA[
@smoke
Scenario: User can search for any product by name &amp#27;[90m# src/main/resources/features/04_Search.feature:8&amp#27;[0m
  &amp#27;[32mGiven &amp#27;[0m&amp#27;[32muser had an actual account&amp#27;[0m                &amp#27;[90m# org.example.StepDefinitions.SD02_Login.user_had_account()&amp#27;[0m
  &amp#27;[32mAnd &amp#27;[0m&amp#27;[32mopen home page again&amp#27;[0m                        &amp#27;[90m# org.example.StepDefinitions.Hooks.open_home_page_again()&amp#27;[0m
  &amp#27;[32mWhen &amp#27;[0m&amp#27;[32muser clicks on search box&amp#27;[0m                  &amp#27;[90m# org.example.StepDefinitions.SD04_Search.user_clicks_search_box()&amp#27;[0m
  &amp#27;[32mAnd &amp#27;[0m&amp#27;[32mwrite &amp#27;[0m&amp#27;[32m&amp#27;[1m"Lenovo"&amp#27;[0m&amp#27;[32m in the search box&amp#27;[0m            &amp#27;[90m# org.example.StepDefinitions.SD04_Search.searchBox(java.lang.String)&amp#27;[0m
  &amp#27;[32mAnd &amp#27;[0m&amp#27;[32muser clicks on search button&amp#27;[0m                &amp#27;[90m# org.example.StepDefinitions.SD04_Search.user_clicks_search_button()&amp#27;[0m
  &amp#27;[31mThen &amp#27;[0m&amp#27;[31mfind all related products&amp#27;[0m                  &amp#27;[90m# org.example.StepDefinitions.SD04_Search.user_will_find_all_related_products()&amp#27;[0m
      &amp#27;[31mjava.lang.AssertionError: Search result validation failed at [ + i + ]. expected [true] but found [false]
	at org.testng.Assert.fail(Assert.java:110)
	at org.testng.Assert.failNotEquals(Assert.java:1413)
	at org.testng.Assert.assertTrue(Assert.java:56)
	at org.example.StepDefinitions.SD04_Search.user_will_find_all_related_products(SD04_Search.java:38)
	at âœ½.find all related products(file:///D:/front%20end%20testing%20course/EcommerceProject/src/main/resources/features/04_Search.feature:14)
&amp#27;[0m
]]></system-out>
    <system-err><![CDATA[Starting ChromeDriver 106.0.5249.61 (511755355844955cd3e264779baf0dd38212a4d0-refs/branch-heads/5249@{#569}) on port 57204
Only local connections are allowed.
Please see https://chromedriver.chromium.org/security-considerations for suggestions on keeping ChromeDriver safe.
ChromeDriver was started successfully.
Oct 16, 2022 6:19:27 PM org.openqa.selenium.remote.ProtocolHandshake createSession
INFO: Detected upstream dialect: W3C
Oct 16, 2022 6:19:27 PM org.openqa.selenium.devtools.CdpVersionFinder findNearestMatch
INFO: Found exact CDP implementation for version 106
]]></system-err>
  </testcase>
  <testcase name="runScenario" classname="org.example.TestRunner.runners" time="91.738">
    <failure message="no such element: Unable to locate element: {&quot;method&quot;:&quot;css selector&quot;,&quot;selector&quot;:&quot;#small\-searchterms&quot;}&#10;  (Session info: chrome=106.0.5249.119)&#10;For documentation on this error, please visit: https://selenium.dev/exceptions/#no_such_element&#10;Build info: version: &apos;4.5.0&apos;, revision: &apos;fe167b119a&apos;&#10;System info: os.name: &apos;Windows 7&apos;, os.arch: &apos;amd64&apos;, os.version: &apos;6.1&apos;, java.version: &apos;1.8.0_111&apos;&#10;Driver info: org.openqa.selenium.chrome.ChromeDriver&#10;Command: [6958516ac1cff0a3d2851d6ca659b54b, findElement {using=id, value=small-searchterms}]&#10;Capabilities {acceptInsecureCerts: false, browserName: chrome, browserVersion: 106.0.5249.119, chrome: {chromedriverVersion: 106.0.5249.61 (511755355844..., userDataDir: C:\Users\ahmed\AppData\Loca...}, goog:chromeOptions: {debuggerAddress: localhost:51944}, networkConnectionEnabled: false, pageLoadStrategy: normal, platformName: WINDOWS, proxy: Proxy(), se:cdp: ws://localhost:51944/devtoo..., se:cdpVersion: 106.0.5249.119, setWindowRect: true, strictFileInteractability: false, timeouts: {implicit: 0, pageLoad: 300000, script: 30000}, unhandledPromptBehavior: dismiss and notify, webauthn:extension:credBlob: true, webauthn:extension:largeBlob: true, webauthn:virtualAuthenticators: true}&#10;Session ID: 6958516ac1cff0a3d2851d6ca659b54b" type="org.openqa.selenium.NoSuchElementException"><![CDATA[org.openqa.selenium.NoSuchElementException: 
no such element: Unable to locate element: {"method":"css selector","selector":"#small\-searchterms"}
  (Session info: chrome=106.0.5249.119)
For documentation on this error, please visit: https://selenium.dev/exceptions/#no_such_element
Build info: version: '4.5.0', revision: 'fe167b119a'
System info: os.name: 'Windows 7', os.arch: 'amd64', os.version: '6.1', java.version: '1.8.0_111'
Driver info: org.openqa.selenium.chrome.ChromeDriver
Command: [6958516ac1cff0a3d2851d6ca659b54b, findElement {using=id, value=small-searchterms}]
Capabilities {acceptInsecureCerts: false, browserName: chrome, browserVersion: 106.0.5249.119, chrome: {chromedriverVersion: 106.0.5249.61 (511755355844..., userDataDir: C:\Users\ahmed\AppData\Loca...}, goog:chromeOptions: {debuggerAddress: localhost:51944}, networkConnectionEnabled: false, pageLoadStrategy: normal, platformName: WINDOWS, proxy: Proxy(), se:cdp: ws://localhost:51944/devtoo..., se:cdpVersion: 106.0.5249.119, setWindowRect: true, strictFileInteractability: false, timeouts: {implicit: 0, pageLoad: 300000, script: 30000}, unhandledPromptBehavior: dismiss and notify, webauthn:extension:credBlob: true, webauthn:extension:largeBlob: true, webauthn:virtualAuthenticators: true}
Session ID: 6958516ac1cff0a3d2851d6ca659b54b
]]></failure>
    <system-out><![CDATA[
@smoke
Scenario: Guest User could search for any product using SKU &amp#27;[90m# src/main/resources/features/04_Search.feature:16&amp#27;[0m
  &amp#27;[32mGiven &amp#27;[0m&amp#27;[32muser had an actual account&amp#27;[0m                          &amp#27;[90m# org.example.StepDefinitions.SD02_Login.user_had_account()&amp#27;[0m
  &amp#27;[32mAnd &amp#27;[0m&amp#27;[32mopen home page again&amp#27;[0m                                  &amp#27;[90m# org.example.StepDefinitions.Hooks.open_home_page_again()&amp#27;[0m
  &amp#27;[31mWhen &amp#27;[0m&amp#27;[31muser clicks on search box&amp#27;[0m                            &amp#27;[90m# org.example.StepDefinitions.SD04_Search.user_clicks_search_box()&amp#27;[0m
      &amp#27;[31morg.openqa.selenium.NoSuchElementException: no such element: Unable to locate element: {"method":"css selector","selector":"#small\-searchterms"}
  (Session info: chrome=106.0.5249.119)
For documentation on this error, please visit: https://selenium.dev/exceptions/#no_such_element
Build info: version: '4.5.0', revision: 'fe167b119a'
System info: os.name: 'Windows 7', os.arch: 'amd64', os.version: '6.1', java.version: '1.8.0_111'
Driver info: org.openqa.selenium.chrome.ChromeDriver
Command: [6958516ac1cff0a3d2851d6ca659b54b, findElement {using=id, value=small-searchterms}]
Capabilities {acceptInsecureCerts: false, browserName: chrome, browserVersion: 106.0.5249.119, chrome: {chromedriverVersion: 106.0.5249.61 (511755355844..., userDataDir: C:\Users\ahmed\AppData\Loca...}, goog:chromeOptions: {debuggerAddress: localhost:51944}, networkConnectionEnabled: false, pageLoadStrategy: normal, platformName: WINDOWS, proxy: Proxy(), se:cdp: ws://localhost:51944/devtoo..., se:cdpVersion: 106.0.5249.119, setWindowRect: true, strictFileInteractability: false, timeouts: {implicit: 0, pageLoad: 300000, script: 30000}, unhandledPromptBehavior: dismiss and notify, webauthn:extension:credBlob: true, webauthn:extension:largeBlob: true, webauthn:virtualAuthenticators: true}
Session ID: 6958516ac1cff0a3d2851d6ca659b54b
	at sun.reflect.NativeConstructorAccessorImpl.newInstance0(Native Method)
	at sun.reflect.NativeConstructorAccessorImpl.newInstance(NativeConstructorAccessorImpl.java:62)
	at sun.reflect.DelegatingConstructorAccessorImpl.newInstance(DelegatingConstructorAccessorImpl.java:45)
	at java.lang.reflect.Constructor.newInstance(Constructor.java:423)
	at org.openqa.selenium.remote.codec.w3c.W3CHttpResponseCodec.createException(W3CHttpResponseCodec.java:200)
	at org.openqa.selenium.remote.codec.w3c.W3CHttpResponseCodec.decode(W3CHttpResponseCodec.java:133)
	at org.openqa.selenium.remote.codec.w3c.W3CHttpResponseCodec.decode(W3CHttpResponseCodec.java:53)
	at org.openqa.selenium.remote.HttpCommandExecutor.execute(HttpCommandExecutor.java:184)
	at org.openqa.selenium.remote.service.DriverCommandExecutor.invokeExecute(DriverCommandExecutor.java:167)
	at org.openqa.selenium.remote.service.DriverCommandExecutor.execute(DriverCommandExecutor.java:142)
	at org.openqa.selenium.remote.RemoteWebDriver.execute(RemoteWebDriver.java:547)
	at org.openqa.selenium.remote.ElementLocation$ElementFinder$2.findElement(ElementLocation.java:162)
	at org.openqa.selenium.remote.ElementLocation.findElement(ElementLocation.java:66)
	at org.openqa.selenium.remote.RemoteWebDriver.findElement(RemoteWebDriver.java:365)
	at org.openqa.selenium.remote.RemoteWebDriver.findElement(RemoteWebDriver.java:357)
	at org.example.pages.P4_Search.clickSearchBox(P4_Search.java:12)
	at org.example.StepDefinitions.SD04_Search.user_clicks_search_box(SD04_Search.java:20)
	at âœ½.user clicks on search box(file:///D:/front%20end%20testing%20course/EcommerceProject/src/main/resources/features/04_Search.feature:18)
&amp#27;[0m
  &amp#27;[36mAnd &amp#27;[0m&amp#27;[36mwrite &amp#27;[0m&amp#27;[36m&amp#27;[1m"AP_MBP_13"&amp#27;[0m&amp#27;[36m in the search box&amp#27;[0m                   &amp#27;[90m# org.example.StepDefinitions.SD04_Search.searchBox(java.lang.String)&amp#27;[0m
  &amp#27;[36mAnd &amp#27;[0m&amp#27;[36muser clicks on search button&amp#27;[0m                          &amp#27;[90m# org.example.StepDefinitions.SD04_Search.user_clicks_search_button()&amp#27;[0m
  &amp#27;[36mThen &amp#27;[0m&amp#27;[36muser will find &amp#27;[0m&amp#27;[36m&amp#27;[1m"Apple MacBook Pro 13-inch"&amp#27;[0m           &amp#27;[90m# org.example.StepDefinitions.SD04_Search.user_will_find(java.lang.String)&amp#27;[0m
]]></system-out>
    <system-err><![CDATA[Starting ChromeDriver 106.0.5249.61 (511755355844955cd3e264779baf0dd38212a4d0-refs/branch-heads/5249@{#569}) on port 51890
Only local connections are allowed.
Please see https://chromedriver.chromium.org/security-considerations for suggestions on keeping ChromeDriver safe.
ChromeDriver was started successfully.
Oct 16, 2022 6:19:56 PM org.openqa.selenium.remote.ProtocolHandshake createSession
INFO: Detected upstream dialect: W3C
Oct 16, 2022 6:19:56 PM org.openqa.selenium.devtools.CdpVersionFinder findNearestMatch
INFO: Found exact CDP implementation for version 106
]]></system-err>
  </testcase>
  <testcase name="runScenario" classname="org.example.TestRunner.runners" time="35.251"/>
  <testcase name="runScenario" classname="org.example.TestRunner.runners" time="24.242"/>
  <testcase name="runScenario" classname="org.example.TestRunner.runners" time="25.351"/>
  <testcase name="runScenario" classname="org.example.TestRunner.runners" time="24.254"/>
  <testcase name="runScenario" classname="org.example.TestRunner.runners" time="27.62"/>
  <testcase name="runScenario" classname="org.example.TestRunner.runners" time="30.389"/>
  <testcase name="runScenario" classname="org.example.TestRunner.runners" time="30.737">
    <failure message="no such element: Unable to locate element: {&quot;method&quot;:&quot;xpath&quot;,&quot;selector&quot;:&quot;/html/body/div[6]/div[3]/div/div[2]/div/div[2]/div/table/tbody/tr[1]/td[4]/button&quot;}&#10;  (Session info: chrome=106.0.5249.119)&#10;For documentation on this error, please visit: https://selenium.dev/exceptions/#no_such_element&#10;Build info: version: &apos;4.5.0&apos;, revision: &apos;fe167b119a&apos;&#10;System info: os.name: &apos;Windows 7&apos;, os.arch: &apos;amd64&apos;, os.version: &apos;6.1&apos;, java.version: &apos;1.8.0_111&apos;&#10;Driver info: org.openqa.selenium.chrome.ChromeDriver&#10;Command: [46e35b6a4bfbc4e6948d83ca7f10563d, findElement {using=xpath, value=/html/body/div[6]/div[3]/div/div[2]/div/div[2]/div/table/tbody/tr[1]/td[4]/button}]&#10;Capabilities {acceptInsecureCerts: false, browserName: chrome, browserVersion: 106.0.5249.119, chrome: {chromedriverVersion: 106.0.5249.61 (511755355844..., userDataDir: C:\Users\ahmed\AppData\Loca...}, goog:chromeOptions: {debuggerAddress: localhost:52203}, networkConnectionEnabled: false, pageLoadStrategy: normal, platformName: WINDOWS, proxy: Proxy(), se:cdp: ws://localhost:52203/devtoo..., se:cdpVersion: 106.0.5249.119, setWindowRect: true, strictFileInteractability: false, timeouts: {implicit: 0, pageLoad: 300000, script: 30000}, unhandledPromptBehavior: dismiss and notify, webauthn:extension:credBlob: true, webauthn:extension:largeBlob: true, webauthn:virtualAuthenticators: true}&#10;Session ID: 46e35b6a4bfbc4e6948d83ca7f10563d" type="org.openqa.selenium.NoSuchElementException"><![CDATA[org.openqa.selenium.NoSuchElementException: 
no such element: Unable to locate element: {"method":"xpath","selector":"/html/body/div[6]/div[3]/div/div[2]/div/div[2]/div/table/tbody/tr[1]/td[4]/button"}
  (Session info: chrome=106.0.5249.119)
For documentation on this error, please visit: https://selenium.dev/exceptions/#no_such_element
Build info: version: '4.5.0', revision: 'fe167b119a'
System info: os.name: 'Windows 7', os.arch: 'amd64', os.version: '6.1', java.version: '1.8.0_111'
Driver info: org.openqa.selenium.chrome.ChromeDriver
Command: [46e35b6a4bfbc4e6948d83ca7f10563d, findElement {using=xpath, value=/html/body/div[6]/div[3]/div/div[2]/div/div[2]/div/table/tbody/tr[1]/td[4]/button}]
Capabilities {acceptInsecureCerts: false, browserName: chrome, browserVersion: 106.0.5249.119, chrome: {chromedriverVersion: 106.0.5249.61 (511755355844..., userDataDir: C:\Users\ahmed\AppData\Loca...}, goog:chromeOptions: {debuggerAddress: localhost:52203}, networkConnectionEnabled: false, pageLoadStrategy: normal, platformName: WINDOWS, proxy: Proxy(), se:cdp: ws://localhost:52203/devtoo..., se:cdpVersion: 106.0.5249.119, setWindowRect: true, strictFileInteractability: false, timeouts: {implicit: 0, pageLoad: 300000, script: 30000}, unhandledPromptBehavior: dismiss and notify, webauthn:extension:credBlob: true, webauthn:extension:largeBlob: true, webauthn:virtualAuthenticators: true}
Session ID: 46e35b6a4bfbc4e6948d83ca7f10563d
]]></failure>
    <system-out><![CDATA[
@smoke
Scenario: user could add different products to Compare list &amp#27;[90m# src/main/resources/features/11_compareList.feature:8&amp#27;[0m
  &amp#27;[32mGiven &amp#27;[0m&amp#27;[32muser had an actual account&amp#27;[0m                          &amp#27;[90m# org.example.StepDefinitions.SD02_Login.user_had_account()&amp#27;[0m
  &amp#27;[32mAnd &amp#27;[0m&amp#27;[32mopen home page again&amp#27;[0m                                  &amp#27;[90m# org.example.StepDefinitions.Hooks.open_home_page_again()&amp#27;[0m
First product has been added to your productComparison
  &amp#27;[32mGiven &amp#27;[0m&amp#27;[32muser adds First Product to CompareList&amp#27;[0m              &amp#27;[90m# org.example.StepDefinitions.SD11_compareList.user_adds_First_Product_to_CompareList()&amp#27;[0m
Second product has been added to your productComparison
  &amp#27;[32mAnd &amp#27;[0m&amp#27;[32muser adds Second Product to CompareList&amp#27;[0m               &amp#27;[90m# org.example.StepDefinitions.SD11_compareList.user_adds_Second_Product_to_CompareList()&amp#27;[0m
Third product has been added to your productComparison
  &amp#27;[32mAnd &amp#27;[0m&amp#27;[32muser adds Third Product to CompareList&amp#27;[0m                &amp#27;[90m# org.example.StepDefinitions.SD11_compareList.user_adds_Third_Product_to_CompareList()&amp#27;[0m
  &amp#27;[32mWhen &amp#27;[0m&amp#27;[32muser goes to Compare Products&amp#27;[0m                        &amp#27;[90m# org.example.StepDefinitions.SD11_compareList.user_goes_to_CompareProductsList()&amp#27;[0m
1
true
  &amp#27;[32mThen &amp#27;[0m&amp#27;[32muser compares between the choosen products&amp#27;[0m           &amp#27;[90m# org.example.StepDefinitions.SD11_compareList.user_compares_between_the_chooesedProducts()&amp#27;[0m
  &amp#27;[31mAnd &amp#27;[0m&amp#27;[31muser clears a product from compareList&amp#27;[0m                &amp#27;[90m# org.example.StepDefinitions.SD11_compareList.user_clears_a_product_from_compareList()&amp#27;[0m
      &amp#27;[31morg.openqa.selenium.NoSuchElementException: no such element: Unable to locate element: {"method":"xpath","selector":"/html/body/div[6]/div[3]/div/div[2]/div/div[2]/div/table/tbody/tr[1]/td[4]/button"}
  (Session info: chrome=106.0.5249.119)
For documentation on this error, please visit: https://selenium.dev/exceptions/#no_such_element
Build info: version: '4.5.0', revision: 'fe167b119a'
System info: os.name: 'Windows 7', os.arch: 'amd64', os.version: '6.1', java.version: '1.8.0_111'
Driver info: org.openqa.selenium.chrome.ChromeDriver
Command: [46e35b6a4bfbc4e6948d83ca7f10563d, findElement {using=xpath, value=/html/body/div[6]/div[3]/div/div[2]/div/div[2]/div/table/tbody/tr[1]/td[4]/button}]
Capabilities {acceptInsecureCerts: false, browserName: chrome, browserVersion: 106.0.5249.119, chrome: {chromedriverVersion: 106.0.5249.61 (511755355844..., userDataDir: C:\Users\ahmed\AppData\Loca...}, goog:chromeOptions: {debuggerAddress: localhost:52203}, networkConnectionEnabled: false, pageLoadStrategy: normal, platformName: WINDOWS, proxy: Proxy(), se:cdp: ws://localhost:52203/devtoo..., se:cdpVersion: 106.0.5249.119, setWindowRect: true, strictFileInteractability: false, timeouts: {implicit: 0, pageLoad: 300000, script: 30000}, unhandledPromptBehavior: dismiss and notify, webauthn:extension:credBlob: true, webauthn:extension:largeBlob: true, webauthn:virtualAuthenticators: true}
Session ID: 46e35b6a4bfbc4e6948d83ca7f10563d
	at sun.reflect.NativeConstructorAccessorImpl.newInstance0(Native Method)
	at sun.reflect.NativeConstructorAccessorImpl.newInstance(NativeConstructorAccessorImpl.java:62)
	at sun.reflect.DelegatingConstructorAccessorImpl.newInstance(DelegatingConstructorAccessorImpl.java:45)
	at java.lang.reflect.Constructor.newInstance(Constructor.java:423)
	at org.openqa.selenium.remote.codec.w3c.W3CHttpResponseCodec.createException(W3CHttpResponseCodec.java:200)
	at org.openqa.selenium.remote.codec.w3c.W3CHttpResponseCodec.decode(W3CHttpResponseCodec.java:133)
	at org.openqa.selenium.remote.codec.w3c.W3CHttpResponseCodec.decode(W3CHttpResponseCodec.java:53)
	at org.openqa.selenium.remote.HttpCommandExecutor.execute(HttpCommandExecutor.java:184)
	at org.openqa.selenium.remote.service.DriverCommandExecutor.invokeExecute(DriverCommandExecutor.java:167)
	at org.openqa.selenium.remote.service.DriverCommandExecutor.execute(DriverCommandExecutor.java:142)
	at org.openqa.selenium.remote.RemoteWebDriver.execute(RemoteWebDriver.java:547)
	at org.openqa.selenium.remote.ElementLocation$ElementFinder$2.findElement(ElementLocation.java:162)
	at org.openqa.selenium.remote.ElementLocation.findElement(ElementLocation.java:60)
	at org.openqa.selenium.remote.RemoteWebDriver.findElement(RemoteWebDriver.java:365)
	at org.openqa.selenium.remote.RemoteWebDriver.findElement(RemoteWebDriver.java:357)
	at org.example.pages.P11_compareList.compareProdClear(P11_compareList.java:37)
	at org.example.StepDefinitions.SD11_compareList.user_clears_a_product_from_compareList(SD11_compareList.java:70)
	at âœ½.user clears a product from compareList(file:///D:/front%20end%20testing%20course/EcommerceProject/src/main/resources/features/11_compareList.feature:16)
&amp#27;[0m
  &amp#27;[36mAnd &amp#27;[0m&amp#27;[36muser deletes all the Products choosen&amp#27;[0m                 &amp#27;[90m# org.example.StepDefinitions.SD11_compareList.user_deletes_all_the_choosedProducts()&amp#27;[0m
]]></system-out>
    <system-err><![CDATA[Starting ChromeDriver 106.0.5249.61 (511755355844955cd3e264779baf0dd38212a4d0-refs/branch-heads/5249@{#569}) on port 64813
Only local connections are allowed.
Please see https://chromedriver.chromium.org/security-considerations for suggestions on keeping ChromeDriver safe.
ChromeDriver was started successfully.
Oct 16, 2022 6:24:17 PM org.openqa.selenium.remote.ProtocolHandshake createSession
INFO: Detected upstream dialect: W3C
Oct 16, 2022 6:24:17 PM org.openqa.selenium.devtools.CdpVersionFinder findNearestMatch
INFO: Found exact CDP implementation for version 106
]]></system-err>
  </testcase>
  <testcase name="runScenario" classname="org.example.TestRunner.runners" time="25.972">
    <failure message="no such element: Unable to locate element: {&quot;method&quot;:&quot;xpath&quot;,&quot;selector&quot;:&quot;//div[@class=&quot;terms-of-service&quot;]/input&quot;}&#10;  (Session info: chrome=106.0.5249.119)&#10;For documentation on this error, please visit: https://selenium.dev/exceptions/#no_such_element&#10;Build info: version: &apos;4.5.0&apos;, revision: &apos;fe167b119a&apos;&#10;System info: os.name: &apos;Windows 7&apos;, os.arch: &apos;amd64&apos;, os.version: &apos;6.1&apos;, java.version: &apos;1.8.0_111&apos;&#10;Driver info: org.openqa.selenium.chrome.ChromeDriver&#10;Command: [29e84e3dbd12ba644062ddb117f8e2ef, findElement {using=xpath, value=//div[@class=&quot;terms-of-service&quot;]/input}]&#10;Capabilities {acceptInsecureCerts: false, browserName: chrome, browserVersion: 106.0.5249.119, chrome: {chromedriverVersion: 106.0.5249.61 (511755355844..., userDataDir: C:\Users\ahmed\AppData\Loca...}, goog:chromeOptions: {debuggerAddress: localhost:52228}, networkConnectionEnabled: false, pageLoadStrategy: normal, platformName: WINDOWS, proxy: Proxy(), se:cdp: ws://localhost:52228/devtoo..., se:cdpVersion: 106.0.5249.119, setWindowRect: true, strictFileInteractability: false, timeouts: {implicit: 0, pageLoad: 300000, script: 30000}, unhandledPromptBehavior: dismiss and notify, webauthn:extension:credBlob: true, webauthn:extension:largeBlob: true, webauthn:virtualAuthenticators: true}&#10;Session ID: 29e84e3dbd12ba644062ddb117f8e2ef" type="org.openqa.selenium.NoSuchElementException"><![CDATA[org.openqa.selenium.NoSuchElementException: 
no such element: Unable to locate element: {"method":"xpath","selector":"//div[@class="terms-of-service"]/input"}
  (Session info: chrome=106.0.5249.119)
For documentation on this error, please visit: https://selenium.dev/exceptions/#no_such_element
Build info: version: '4.5.0', revision: 'fe167b119a'
System info: os.name: 'Windows 7', os.arch: 'amd64', os.version: '6.1', java.version: '1.8.0_111'
Driver info: org.openqa.selenium.chrome.ChromeDriver
Command: [29e84e3dbd12ba644062ddb117f8e2ef, findElement {using=xpath, value=//div[@class="terms-of-service"]/input}]
Capabilities {acceptInsecureCerts: false, browserName: chrome, browserVersion: 106.0.5249.119, chrome: {chromedriverVersion: 106.0.5249.61 (511755355844..., userDataDir: C:\Users\ahmed\AppData\Loca...}, goog:chromeOptions: {debuggerAddress: localhost:52228}, networkConnectionEnabled: false, pageLoadStrategy: normal, platformName: WINDOWS, proxy: Proxy(), se:cdp: ws://localhost:52228/devtoo..., se:cdpVersion: 106.0.5249.119, setWindowRect: true, strictFileInteractability: false, timeouts: {implicit: 0, pageLoad: 300000, script: 30000}, unhandledPromptBehavior: dismiss and notify, webauthn:extension:credBlob: true, webauthn:extension:largeBlob: true, webauthn:virtualAuthenticators: true}
Session ID: 29e84e3dbd12ba644062ddb117f8e2ef
]]></failure>
    <system-out><![CDATA[
@smoke
Scenario: user could Create Successful Order          &amp#27;[90m# src/main/resources/features/12_checkOut.feature:8&amp#27;[0m
  &amp#27;[32mGiven &amp#27;[0m&amp#27;[32mopen home page again&amp#27;[0m                          &amp#27;[90m# org.example.StepDefinitions.Hooks.open_home_page_again()&amp#27;[0m
  &amp#27;[32mAnd &amp#27;[0m&amp#27;[32mopen shopping page&amp#27;[0m                              &amp#27;[90m# org.example.StepDefinitions.SD12_checkOut.open_shopping_page()&amp#27;[0m
  &amp#27;[31mWhen &amp#27;[0m&amp#27;[31muser agrees with terms and proceed to Checkout&amp#27;[0m &amp#27;[90m# org.example.StepDefinitions.SD12_checkOut.user_agrees_with_terms_and_proceed_to_Checkout()&amp#27;[0m
      &amp#27;[31morg.openqa.selenium.NoSuchElementException: no such element: Unable to locate element: {"method":"xpath","selector":"//div[@class="terms-of-service"]/input"}
  (Session info: chrome=106.0.5249.119)
For documentation on this error, please visit: https://selenium.dev/exceptions/#no_such_element
Build info: version: '4.5.0', revision: 'fe167b119a'
System info: os.name: 'Windows 7', os.arch: 'amd64', os.version: '6.1', java.version: '1.8.0_111'
Driver info: org.openqa.selenium.chrome.ChromeDriver
Command: [29e84e3dbd12ba644062ddb117f8e2ef, findElement {using=xpath, value=//div[@class="terms-of-service"]/input}]
Capabilities {acceptInsecureCerts: false, browserName: chrome, browserVersion: 106.0.5249.119, chrome: {chromedriverVersion: 106.0.5249.61 (511755355844..., userDataDir: C:\Users\ahmed\AppData\Loca...}, goog:chromeOptions: {debuggerAddress: localhost:52228}, networkConnectionEnabled: false, pageLoadStrategy: normal, platformName: WINDOWS, proxy: Proxy(), se:cdp: ws://localhost:52228/devtoo..., se:cdpVersion: 106.0.5249.119, setWindowRect: true, strictFileInteractability: false, timeouts: {implicit: 0, pageLoad: 300000, script: 30000}, unhandledPromptBehavior: dismiss and notify, webauthn:extension:credBlob: true, webauthn:extension:largeBlob: true, webauthn:virtualAuthenticators: true}
Session ID: 29e84e3dbd12ba644062ddb117f8e2ef
	at sun.reflect.NativeConstructorAccessorImpl.newInstance0(Native Method)
	at sun.reflect.NativeConstructorAccessorImpl.newInstance(NativeConstructorAccessorImpl.java:62)
	at sun.reflect.DelegatingConstructorAccessorImpl.newInstance(DelegatingConstructorAccessorImpl.java:45)
	at java.lang.reflect.Constructor.newInstance(Constructor.java:423)
	at org.openqa.selenium.remote.codec.w3c.W3CHttpResponseCodec.createException(W3CHttpResponseCodec.java:200)
	at org.openqa.selenium.remote.codec.w3c.W3CHttpResponseCodec.decode(W3CHttpResponseCodec.java:133)
	at org.openqa.selenium.remote.codec.w3c.W3CHttpResponseCodec.decode(W3CHttpResponseCodec.java:53)
	at org.openqa.selenium.remote.HttpCommandExecutor.execute(HttpCommandExecutor.java:184)
	at org.openqa.selenium.remote.service.DriverCommandExecutor.invokeExecute(DriverCommandExecutor.java:167)
	at org.openqa.selenium.remote.service.DriverCommandExecutor.execute(DriverCommandExecutor.java:142)
	at org.openqa.selenium.remote.RemoteWebDriver.execute(RemoteWebDriver.java:547)
	at org.openqa.selenium.remote.ElementLocation$ElementFinder$2.findElement(ElementLocation.java:162)
	at org.openqa.selenium.remote.ElementLocation.findElement(ElementLocation.java:60)
	at org.openqa.selenium.remote.RemoteWebDriver.findElement(RemoteWebDriver.java:365)
	at org.openqa.selenium.remote.RemoteWebDriver.findElement(RemoteWebDriver.java:357)
	at org.example.pages.P12_checkOut.checkoutTerms(P12_checkOut.java:12)
	at org.example.StepDefinitions.SD12_checkOut.user_agrees_with_terms_and_proceed_to_Checkout(SD12_checkOut.java:27)
	at âœ½.user agrees with terms and proceed to Checkout(file:///D:/front%20end%20testing%20course/EcommerceProject/src/main/resources/features/12_checkOut.feature:10)
&amp#27;[0m
  &amp#27;[36mAnd &amp#27;[0m&amp#27;[36muser enters email address&amp#27;[0m                       &amp#27;[90m# org.example.StepDefinitions.Hooks.user_enters_email_address()&amp#27;[0m
  &amp#27;[36mAnd &amp#27;[0m&amp#27;[36muser enters password&amp#27;[0m                            &amp#27;[90m# org.example.StepDefinitions.Hooks.user_enters_password()&amp#27;[0m
  &amp#27;[36mAnd &amp#27;[0m&amp#27;[36muser pressed on Log-in button&amp#27;[0m                   &amp#27;[90m# org.example.StepDefinitions.SD02_Login.click_Login_button()&amp#27;[0m
  &amp#27;[36mAnd &amp#27;[0m&amp#27;[36muser agrees with terms and proceed to Checkout&amp#27;[0m  &amp#27;[90m# org.example.StepDefinitions.SD12_checkOut.user_agrees_with_terms_and_proceed_to_Checkout()&amp#27;[0m
  &amp#27;[36mAnd &amp#27;[0m&amp#27;[36muser types Billing address to Create Order&amp#27;[0m      &amp#27;[90m# org.example.StepDefinitions.SD12_checkOut.user_types_Billing_address_to_Create_Order()&amp#27;[0m
  &amp#27;[36mAnd &amp#27;[0m&amp#27;[36muser confirms Billing address&amp#27;[0m                   &amp#27;[90m# org.example.StepDefinitions.SD12_checkOut.user_confirms_Billing_address()&amp#27;[0m
  &amp#27;[36mAnd &amp#27;[0m&amp#27;[36muser chooses Shipping Method to Continue&amp#27;[0m        &amp#27;[90m# org.example.StepDefinitions.SD12_checkOut.user_chooses_Shipping_Method_to_Continue()&amp#27;[0m
  &amp#27;[36mAnd &amp#27;[0m&amp#27;[36muser chooses Payment Method to Continue&amp#27;[0m         &amp#27;[90m# org.example.StepDefinitions.SD12_checkOut.user_chooses_Payment_Method_to_Continue()&amp#27;[0m
  &amp#27;[36mAnd &amp#27;[0m&amp#27;[36muser fills out Payment Information&amp#27;[0m              &amp#27;[90m# org.example.StepDefinitions.SD12_checkOut.user_fills_out_Payment_Information()&amp#27;[0m
  &amp#27;[36mThen &amp#27;[0m&amp#27;[36muser confirms his order&amp#27;[0m                        &amp#27;[90m# org.example.StepDefinitions.SD12_checkOut.user_confirms_his_order()&amp#27;[0m
  &amp#27;[36mAnd &amp#27;[0m&amp#27;[36muser checks order details&amp#27;[0m                       &amp#27;[90m# org.example.StepDefinitions.SD12_checkOut.user_checks_order_details()&amp#27;[0m
  &amp#27;[36mAnd &amp#27;[0m&amp#27;[36muser saves invoice&amp#27;[0m                              &amp#27;[90m# org.example.StepDefinitions.SD12_checkOut.user_saves_invoice()&amp#27;[0m
  &amp#27;[36mAnd &amp#27;[0m&amp#27;[36muser prints invoice&amp#27;[0m                             &amp#27;[90m# org.example.StepDefinitions.SD12_checkOut.user_prints_invoice()&amp#27;[0m
]]></system-out>
    <system-err><![CDATA[Starting ChromeDriver 106.0.5249.61 (511755355844955cd3e264779baf0dd38212a4d0-refs/branch-heads/5249@{#569}) on port 56321
Only local connections are allowed.
Please see https://chromedriver.chromium.org/security-considerations for suggestions on keeping ChromeDriver safe.
ChromeDriver was started successfully.
Oct 16, 2022 6:24:43 PM org.openqa.selenium.remote.ProtocolHandshake createSession
INFO: Detected upstream dialect: W3C
Oct 16, 2022 6:24:43 PM org.openqa.selenium.devtools.CdpVersionFinder findNearestMatch
INFO: Found exact CDP implementation for version 106
]]></system-err>
  </testcase>
</testsuite>